# JRE version: Java(TM) SE Runtime Environment (21.0.1+12) (build 21.0.1+12-LTS-29)
# Java VM: Java HotSpot(TM) 64-Bit Server VM (21.0.1+12-LTS-29, mixed mode, emulated-client, sharing, tiered, compressed oops, compressed class ptrs, g1 gc, windows-amd64)
GC Precious Log:
 CardTable entry size: 512
 Card Set container configuration: InlinePtr #cards 5 size 8 Array Of Cards #cards 12 size 40 Howl #buckets 4 coarsen threshold 1843 Howl Bitmap #cards 512 size 80 coarsen threshold 460 Card regions per heap region 1 cards per card region 2048
 CPUs: 8 total, 8 available
 Memory: 8035M
 Large Page Support: Disabled
 NUMA Support: Disabled
 Compressed Oops: Enabled (32-bit)
 Heap Region Size: 1M
 Heap Min Capacity: 8M
 Heap Initial Capacity: 126M
 Heap Max Capacity: 2010M
 Pre-touch: Disabled
 Parallel Workers: 8
 Concurrent Workers: 2
 Concurrent Refinement Workers: 8
 Periodic GC: Disabled
Heap:
 garbage-first heap   total 70656K, used 32465K [0x0000000082600000, 0x0000000100000000)
  region size 1024K, 11 young (11264K), 5 survivors (5120K)
 Metaspace       used 43167K, committed 43776K, reserved 1114112K
  class space    used 6115K, committed 6400K, reserved 1048576K
GC Heap History (16 events):
Event: 0.834 GC heap before
{Heap before GC invocations=0 (full 0):
 garbage-first heap   total 129024K, used 24576K [0x0000000082600000, 0x0000000100000000)
  region size 1024K, 23 young (23552K), 0 survivors (0K)
 Metaspace       used 6403K, committed 6656K, reserved 1114112K
  class space    used 766K, committed 896K, reserved 1048576K
}
Event: 0.843 GC heap after
{Heap after GC invocations=1 (full 0):
 garbage-first heap   total 129024K, used 8618K [0x0000000082600000, 0x0000000100000000)
  region size 1024K, 3 young (3072K), 3 survivors (3072K)
 Metaspace       used 6403K, committed 6656K, reserved 1114112K
  class space    used 766K, committed 896K, reserved 1048576K
}
Event: 1.759 GC heap before
{Heap before GC invocations=1 (full 0):
 garbage-first heap   total 129024K, used 35242K [0x0000000082600000, 0x0000000100000000)
  region size 1024K, 29 young (29696K), 3 survivors (3072K)
 Metaspace       used 12380K, committed 12800K, reserved 1114112K
  class space    used 1684K, committed 1856K, reserved 1048576K
}
Event: 1.771 GC heap after
{Heap after GC invocations=2 (full 0):
 garbage-first heap   total 129024K, used 11518K [0x0000000082600000, 0x0000000100000000)
  region size 1024K, 3 young (3072K), 3 survivors (3072K)
 Metaspace       used 12380K, committed 12800K, reserved 1114112K
  class space    used 1684K, committed 1856K, reserved 1048576K
}
Event: 2.445 GC heap before
{Heap before GC invocations=2 (full 0):
 garbage-first heap   total 129024K, used 54526K [0x0000000082600000, 0x0000000100000000)
  region size 1024K, 47 young (48128K), 3 survivors (3072K)
 Metaspace       used 21177K, committed 21504K, reserved 1114112K
  class space    used 2834K, committed 3008K, reserved 1048576K
}
Event: 2.457 GC heap after
{Heap after GC invocations=3 (full 0):
 garbage-first heap   total 129024K, used 14963K [0x0000000082600000, 0x0000000100000000)
  region size 1024K, 6 young (6144K), 6 survivors (6144K)
 Metaspace       used 21177K, committed 21504K, reserved 1114112K
  class space    used 2834K, committed 3008K, reserved 1048576K
}
Event: 2.955 GC heap before
{Heap before GC invocations=4 (full 0):
 garbage-first heap   total 58368K, used 43635K [0x0000000082600000, 0x0000000100000000)
  region size 1024K, 34 young (34816K), 6 survivors (6144K)
 Metaspace       used 24146K, committed 24576K, reserved 1114112K
  class space    used 3306K, committed 3520K, reserved 1048576K
}
Event: 2.966 GC heap after
{Heap after GC invocations=5 (full 0):
 garbage-first heap   total 58368K, used 16453K [0x0000000082600000, 0x0000000100000000)
  region size 1024K, 3 young (3072K), 3 survivors (3072K)
 Metaspace       used 24146K, committed 24576K, reserved 1114112K
  class space    used 3306K, committed 3520K, reserved 1048576K
}
Event: 3.614 GC heap before
{Heap before GC invocations=5 (full 0):
 garbage-first heap   total 58368K, used 42053K [0x0000000082600000, 0x0000000100000000)
  region size 1024K, 29 young (29696K), 3 survivors (3072K)
 Metaspace       used 28279K, committed 28800K, reserved 1114112K
  class space    used 3968K, committed 4160K, reserved 1048576K
}
Event: 3.626 GC heap after
{Heap after GC invocations=6 (full 0):
 garbage-first heap   total 70656K, used 18938K [0x0000000082600000, 0x0000000100000000)
  region size 1024K, 4 young (4096K), 4 survivors (4096K)
 Metaspace       used 28279K, committed 28800K, reserved 1114112K
  class space    used 3968K, committed 4160K, reserved 1048576K
}
Event: 4.328 GC heap before
{Heap before GC invocations=6 (full 0):
 garbage-first heap   total 70656K, used 55802K [0x0000000082600000, 0x0000000100000000)
  region size 1024K, 40 young (40960K), 4 survivors (4096K)
 Metaspace       used 33777K, committed 34368K, reserved 1114112K
  class space    used 4732K, committed 4992K, reserved 1048576K
}
Event: 4.342 GC heap after
{Heap after GC invocations=7 (full 0):
 garbage-first heap   total 70656K, used 21697K [0x0000000082600000, 0x0000000100000000)
  region size 1024K, 5 young (5120K), 5 survivors (5120K)
 Metaspace       used 33777K, committed 34368K, reserved 1114112K
  class space    used 4732K, committed 4992K, reserved 1048576K
}
Event: 4.586 GC heap before
{Heap before GC invocations=7 (full 0):
 garbage-first heap   total 70656K, used 33985K [0x0000000082600000, 0x0000000100000000)
  region size 1024K, 18 young (18432K), 5 survivors (5120K)
 Metaspace       used 35454K, committed 36096K, reserved 1114112K
  class space    used 5014K, committed 5312K, reserved 1048576K
}
Event: 4.597 GC heap after
{Heap after GC invocations=8 (full 0):
 garbage-first heap   total 70656K, used 23735K [0x0000000082600000, 0x0000000100000000)
  region size 1024K, 2 young (2048K), 2 survivors (2048K)
 Metaspace       used 35454K, committed 36096K, reserved 1114112K
  class space    used 5014K, committed 5312K, reserved 1048576K
}
Event: 5.392 GC heap before
{Heap before GC invocations=9 (full 0):
 garbage-first heap   total 70656K, used 59575K [0x0000000082600000, 0x0000000100000000)
  region size 1024K, 37 young (37888K), 2 survivors (2048K)
 Metaspace       used 41880K, committed 42496K, reserved 1114112K
  class space    used 5945K, committed 6208K, reserved 1048576K
}
Event: 5.409 GC heap after
{Heap after GC invocations=10 (full 0):
 garbage-first heap   total 70656K, used 27345K [0x0000000082600000, 0x0000000100000000)
  region size 1024K, 5 young (5120K), 5 survivors (5120K)
 Metaspace       used 41880K, committed 42496K, reserved 1114112K
  class space    used 5945K, committed 6208K, reserved 1048576K
}

